[0m15:07:47.127663 [debug] [MainThread]: Sending event: {'category': 'dbt', 'action': 'invocation', 'label': 'start', 'context': [<snowplow_tracker.self_describing_json.SelfDescribingJson object at 0x0000015EAE44E6A0>, <snowplow_tracker.self_describing_json.SelfDescribingJson object at 0x0000015EAEF1DF10>, <snowplow_tracker.self_describing_json.SelfDescribingJson object at 0x0000015EAEF1DCD0>]}


============================== 15:07:47.143283 | d2a20ffa-4108-440a-93d8-ba9fc79f8666 ==============================
[0m15:07:47.143283 [info ] [MainThread]: Running with dbt=1.6.1
[0m15:07:47.143511 [debug] [MainThread]: running dbt with arguments {'printer_width': '80', 'indirect_selection': 'eager', 'write_json': 'True', 'log_cache_events': 'False', 'partial_parse': 'True', 'cache_selected_only': 'False', 'warn_error': 'None', 'debug': 'False', 'version_check': 'True', 'log_path': 'logs', 'fail_fast': 'False', 'profiles_dir': 'C:\\Users\\temit\\.dbt', 'use_colors': 'True', 'use_experimental_parser': 'False', 'no_print': 'None', 'quiet': 'False', 'log_format': 'default', 'static_parser': 'True', 'invocation_command': 'dbt init', 'warn_error_options': 'WarnErrorOptions(include=[], exclude=[])', 'target_path': 'None', 'introspect': 'True', 'send_anonymous_usage_stats': 'True'}
[0m15:07:55.245083 [debug] [MainThread]: Starter project path: C:\Users\temit\anaconda3\envs\dbt_course\lib\site-packages\dbt\include\starter_project
[0m15:07:55.278030 [info ] [MainThread]: 
Your new dbt project "NYC_Yellow_Taxi" was created!

For more information on how to configure the profiles.yml file,
please consult the dbt documentation here:

  https://docs.getdbt.com/docs/configure-your-profile

One more thing:

Need help? Don't hesitate to reach out to us via GitHub issues or on Slack:

  https://community.getdbt.com/

Happy modeling!

[0m15:07:55.279996 [info ] [MainThread]: Setting up your profile.
[0m15:08:01.359653 [info ] [MainThread]: No sample profile found for duckdb.
[0m15:08:01.359653 [debug] [MainThread]: Command `dbt init` succeeded at 15:08:01.359653 after 14.24 seconds
[0m15:08:01.359653 [debug] [MainThread]: Sending event: {'category': 'dbt', 'action': 'invocation', 'label': 'end', 'context': [<snowplow_tracker.self_describing_json.SelfDescribingJson object at 0x0000015EAE44E6A0>, <snowplow_tracker.self_describing_json.SelfDescribingJson object at 0x0000015EB2750130>, <snowplow_tracker.self_describing_json.SelfDescribingJson object at 0x0000015EB2750C10>]}
[0m15:08:01.359653 [debug] [MainThread]: Flushing usage events
[0m15:21:41.569112 [debug] [MainThread]: Sending event: {'category': 'dbt', 'action': 'invocation', 'label': 'start', 'context': [<snowplow_tracker.self_describing_json.SelfDescribingJson object at 0x000001E2B35AEA00>, <snowplow_tracker.self_describing_json.SelfDescribingJson object at 0x000001E2B407DF40>, <snowplow_tracker.self_describing_json.SelfDescribingJson object at 0x000001E2B407DD00>]}


============================== 15:21:41.569112 | fd8975df-566e-42e5-8a4c-022242db83fd ==============================
[0m15:21:41.569112 [info ] [MainThread]: Running with dbt=1.6.1
[0m15:21:41.583700 [debug] [MainThread]: running dbt with arguments {'printer_width': '80', 'indirect_selection': 'eager', 'log_cache_events': 'False', 'write_json': 'True', 'partial_parse': 'True', 'cache_selected_only': 'False', 'profiles_dir': 'C:\\Users\\temit\\.dbt', 'fail_fast': 'False', 'warn_error': 'None', 'log_path': 'logs', 'debug': 'False', 'version_check': 'True', 'use_colors': 'True', 'use_experimental_parser': 'False', 'no_print': 'None', 'quiet': 'False', 'warn_error_options': 'WarnErrorOptions(include=[], exclude=[])', 'introspect': 'True', 'static_parser': 'True', 'invocation_command': 'dbt init', 'target_path': 'None', 'log_format': 'default', 'send_anonymous_usage_stats': 'True'}
[0m15:22:40.316948 [debug] [MainThread]: Starter project path: C:\Users\temit\anaconda3\envs\dbt_course\lib\site-packages\dbt\include\starter_project
[0m15:22:40.349527 [info ] [MainThread]: 
Your new dbt project "NYC_Yellow_Taxi_PG" was created!

For more information on how to configure the profiles.yml file,
please consult the dbt documentation here:

  https://docs.getdbt.com/docs/configure-your-profile

One more thing:

Need help? Don't hesitate to reach out to us via GitHub issues or on Slack:

  https://community.getdbt.com/

Happy modeling!

[0m15:22:40.349527 [info ] [MainThread]: Setting up your profile.
[0m15:22:43.199138 [debug] [MainThread]: Command `dbt init` succeeded at 15:22:43.199138 after 61.65 seconds
[0m15:22:43.199138 [debug] [MainThread]: Sending event: {'category': 'dbt', 'action': 'invocation', 'label': 'end', 'context': [<snowplow_tracker.self_describing_json.SelfDescribingJson object at 0x000001E2B35AEA00>, <snowplow_tracker.self_describing_json.SelfDescribingJson object at 0x000001E2B79669D0>, <snowplow_tracker.self_describing_json.SelfDescribingJson object at 0x000001E2B78B20A0>]}
[0m15:22:43.199138 [debug] [MainThread]: Flushing usage events
[0m18:43:10.375595 [debug] [MainThread]: Sending event: {'category': 'dbt', 'action': 'invocation', 'label': 'start', 'context': [<snowplow_tracker.self_describing_json.SelfDescribingJson object at 0x000001B63517EA00>, <snowplow_tracker.self_describing_json.SelfDescribingJson object at 0x000001B635C4DE80>, <snowplow_tracker.self_describing_json.SelfDescribingJson object at 0x000001B635C4DD90>]}


============================== 18:43:10.382142 | 471113b2-c8d4-4f79-9fe1-d73b65ce0c3d ==============================
[0m18:43:10.382142 [info ] [MainThread]: Running with dbt=1.6.1
[0m18:43:10.382859 [debug] [MainThread]: running dbt with arguments {'printer_width': '80', 'indirect_selection': 'eager', 'log_cache_events': 'False', 'write_json': 'True', 'partial_parse': 'True', 'cache_selected_only': 'False', 'warn_error': 'None', 'debug': 'False', 'profiles_dir': 'C:\\Users\\temit\\.dbt', 'log_path': 'logs', 'version_check': 'True', 'fail_fast': 'False', 'use_colors': 'True', 'use_experimental_parser': 'False', 'no_print': 'None', 'quiet': 'False', 'warn_error_options': 'WarnErrorOptions(include=[], exclude=[])', 'introspect': 'True', 'log_format': 'default', 'invocation_command': 'dbt run', 'target_path': 'None', 'static_parser': 'True', 'send_anonymous_usage_stats': 'True'}
[0m18:43:10.383878 [error] [MainThread]: Encountered an error:
Runtime Error
  No dbt_project.yml found at expected path C:\Users\temit\OneDrive\Desktop\2023\Personal\Analytics_engineering\dbt_project.yml
  Verify that each entry within packages.yml (and their transitive dependencies) contains a file named dbt_project.yml
  
[0m18:43:10.384771 [debug] [MainThread]: Command `dbt run` failed at 18:43:10.384771 after 0.04 seconds
[0m18:43:10.384771 [debug] [MainThread]: Sending event: {'category': 'dbt', 'action': 'invocation', 'label': 'end', 'context': [<snowplow_tracker.self_describing_json.SelfDescribingJson object at 0x000001B63517EA00>, <snowplow_tracker.self_describing_json.SelfDescribingJson object at 0x000001B639481070>, <snowplow_tracker.self_describing_json.SelfDescribingJson object at 0x000001B639481E50>]}
[0m18:43:10.385780 [debug] [MainThread]: Flushing usage events
